
*** Running vivado
    with args -log piscaLed.vds -m64 -mode batch -messageDb vivado.pb -source piscaLed.tcl


****** Vivado v2014.1 (64-bit)
  **** SW Build 881834 on Fri Apr  4 14:15:54 MDT 2014
  **** IP Build 877625 on Fri Mar 28 16:29:15 MDT 2014
    ** Copyright 1986-2014 Xilinx, Inc. All Rights Reserved.

source piscaLed.tcl
# set_param gui.test TreeTableDev
# set_param xicom.use_bs_reader 1
# set_msg_config -id {HDL 9-1061} -limit 100000
# set_msg_config -id {HDL 9-1654} -limit 100000
# set_msg_config -id {Labtools 27-147} -limit 4294967295
# set_msg_config -id {Synth 8-256} -limit 10000
# set_msg_config -id {Synth 8-638} -limit 10000
# create_project -in_memory -part xc7a100tcsg324-1
# set_property target_language VHDL [current_project]
# set_param project.compositeFile.enableAutoGeneration 0
# set_property default_lib xil_defaultlib [current_project]
# read_vhdl -library xil_defaultlib T:/15.800000105/fpga_allan/aula3/aula3.srcs/sources_1/new/piscaLed.vhd
# read_xdc T:/15.800000105/fpga_allan/aula3/aula3.srcs/constrs_1/imports/Problemas/io_basico.xdc
# set_property used_in_implementation false [get_files T:/15.800000105/fpga_allan/aula3/aula3.srcs/constrs_1/imports/Problemas/io_basico.xdc]
# set_param synth.vivado.isSynthRun true
# set_property webtalk.parent_dir T:/15.800000105/fpga_allan/aula3/aula3.cache/wt [current_project]
# set_property parent.project_dir T:/15.800000105/fpga_allan/aula3 [current_project]
# synth_design -top piscaLed -part xc7a100tcsg324-1
Command: synth_design -top piscaLed -part xc7a100tcsg324-1

Starting synthesis...

Attempting to get a license for feature 'Synthesis' and/or device 'xc7a100t'
INFO: [Common 17-349] Got license for feature 'Synthesis' and/or device 'xc7a100t'
---------------------------------------------------------------------------------
Starting RTL Elaboration : Time (s): cpu = 00:00:03 ; elapsed = 00:00:04 . Memory (MB): peak = 233.340 ; gain = 97.852
---------------------------------------------------------------------------------
INFO: [Synth 8-638] synthesizing module 'piscaLed' [T:/15.800000105/fpga_allan/aula3/aula3.srcs/sources_1/new/piscaLed.vhd:41]
WARNING: [Synth 8-3848] Net sw in module/entity piscaLed does not have driver. [T:/15.800000105/fpga_allan/aula3/aula3.srcs/sources_1/new/piscaLed.vhd:36]
INFO: [Synth 8-256] done synthesizing module 'piscaLed' (1#1) [T:/15.800000105/fpga_allan/aula3/aula3.srcs/sources_1/new/piscaLed.vhd:41]
WARNING: [Synth 8-3331] design piscaLed has unconnected port sw[15]
WARNING: [Synth 8-3331] design piscaLed has unconnected port sw[14]
WARNING: [Synth 8-3331] design piscaLed has unconnected port sw[13]
WARNING: [Synth 8-3331] design piscaLed has unconnected port sw[12]
WARNING: [Synth 8-3331] design piscaLed has unconnected port sw[11]
WARNING: [Synth 8-3331] design piscaLed has unconnected port sw[10]
WARNING: [Synth 8-3331] design piscaLed has unconnected port sw[9]
WARNING: [Synth 8-3331] design piscaLed has unconnected port sw[8]
WARNING: [Synth 8-3331] design piscaLed has unconnected port sw[7]
WARNING: [Synth 8-3331] design piscaLed has unconnected port sw[6]
WARNING: [Synth 8-3331] design piscaLed has unconnected port sw[5]
WARNING: [Synth 8-3331] design piscaLed has unconnected port sw[4]
WARNING: [Synth 8-3331] design piscaLed has unconnected port sw[3]
WARNING: [Synth 8-3331] design piscaLed has unconnected port sw[2]
WARNING: [Synth 8-3331] design piscaLed has unconnected port sw[1]
WARNING: [Synth 8-3331] design piscaLed has unconnected port sw[0]
WARNING: [Synth 8-3331] design piscaLed has unconnected port led[15]
WARNING: [Synth 8-3331] design piscaLed has unconnected port led[14]
WARNING: [Synth 8-3331] design piscaLed has unconnected port led[13]
WARNING: [Synth 8-3331] design piscaLed has unconnected port led[12]
WARNING: [Synth 8-3331] design piscaLed has unconnected port led[11]
WARNING: [Synth 8-3331] design piscaLed has unconnected port led[10]
WARNING: [Synth 8-3331] design piscaLed has unconnected port led[9]
WARNING: [Synth 8-3331] design piscaLed has unconnected port led[8]
WARNING: [Synth 8-3331] design piscaLed has unconnected port led[7]
WARNING: [Synth 8-3331] design piscaLed has unconnected port led[6]
WARNING: [Synth 8-3331] design piscaLed has unconnected port led[5]
WARNING: [Synth 8-3331] design piscaLed has unconnected port led[4]
WARNING: [Synth 8-3331] design piscaLed has unconnected port led[3]
WARNING: [Synth 8-3331] design piscaLed has unconnected port led[2]
WARNING: [Synth 8-3331] design piscaLed has unconnected port led[1]
---------------------------------------------------------------------------------
Finished RTL Elaboration : Time (s): cpu = 00:00:04 ; elapsed = 00:00:05 . Memory (MB): peak = 267.203 ; gain = 131.715
---------------------------------------------------------------------------------

---------------------------------------------------------------------------------
Start RTL Optimization
---------------------------------------------------------------------------------

Report Check Netlist: 
+------+------------------+-------+---------+-------+------------------+
|      |Item              |Errors |Warnings |Status |Description       |
+------+------------------+-------+---------+-------+------------------+
|1     |multi_driven_nets |      0|        0|Passed |Multi driven nets |
+------+------------------+-------+---------+-------+------------------+
Loading clock regions from C:/Xilinx/Vivado/2014.1/data\parts/xilinx/artix7/artix7/xc7a100t/ClockRegion.xml
Loading clock buffers from C:/Xilinx/Vivado/2014.1/data\parts/xilinx/artix7/artix7/xc7a100t/ClockBuffers.xml
Loading clock placement rules from C:/Xilinx/Vivado/2014.1/data/parts/xilinx/artix7/ClockPlacerRules.xml
Loading package pin functions from C:/Xilinx/Vivado/2014.1/data\parts/xilinx/artix7/PinFunctions.xml...
Loading package from C:/Xilinx/Vivado/2014.1/data\parts/xilinx/artix7/artix7/xc7a100t/csg324/Package.xml
Loading io standards from C:/Xilinx/Vivado/2014.1/data\./parts/xilinx/artix7/IOStandards.xml
Loading device configuration modes from C:/Xilinx/Vivado/2014.1/data\parts/xilinx/artix7/ConfigModes.xml

Processing XDC Constraints
Parsing XDC File [T:/15.800000105/fpga_allan/aula3/aula3.srcs/constrs_1/imports/Problemas/io_basico.xdc]
Finished Parsing XDC File [T:/15.800000105/fpga_allan/aula3/aula3.srcs/constrs_1/imports/Problemas/io_basico.xdc]
Completed Processing XDC Constraints

INFO: [Project 1-111] Unisim Transformation Summary:
No Unisim elements were transformed.


---------------------------------------------------------------------------------
Start RTL Optimization
---------------------------------------------------------------------------------

---------------------------------------------------------------------------------
Start Loading Part and Timing Information
---------------------------------------------------------------------------------
Loading part: xc7a100tcsg324-1
---------------------------------------------------------------------------------
Finished Loading Part and Timing Information : Time (s): cpu = 00:00:10 ; elapsed = 00:00:11 . Memory (MB): peak = 472.008 ; gain = 336.520
---------------------------------------------------------------------------------


---------------------------------------------------------------------------------
Start Applying 'set_property' XDC Constraints
---------------------------------------------------------------------------------
---------------------------------------------------------------------------------
Finished applying 'set_property' XDC Constraints : Time (s): cpu = 00:00:10 ; elapsed = 00:00:11 . Memory (MB): peak = 472.008 ; gain = 336.520
---------------------------------------------------------------------------------

---------------------------------------------------------------------------------
Finished RTL Optimization : Time (s): cpu = 00:00:10 ; elapsed = 00:00:11 . Memory (MB): peak = 472.008 ; gain = 336.520
---------------------------------------------------------------------------------

WARNING: [Synth 8-3848] Net sw in module/entity piscaLed does not have driver. [T:/15.800000105/fpga_allan/aula3/aula3.srcs/sources_1/new/piscaLed.vhd:36]

Report RTL Partitions: 
+-+--------------+------------+----------+
| |RTL Partition |Replication |Instances |
+-+--------------+------------+----------+
+-+--------------+------------+----------+

---------------------------------------------------------------------------------
Start RTL Component Statistics 
---------------------------------------------------------------------------------
Detailed RTL Component Info : 
+---Adders : 
	   2 Input     27 Bit       Adders := 1     
+---Registers : 
	               27 Bit    Registers := 1     
	                1 Bit    Registers := 1     
+---Muxes : 
	   2 Input     27 Bit        Muxes := 1     
	   2 Input      1 Bit        Muxes := 1     

---------------------------------------------------------------------------------
Finished RTL Component Statistics 
---------------------------------------------------------------------------------

---------------------------------------------------------------------------------
Start RTL Hierarchical Component Statistics 
---------------------------------------------------------------------------------
Hierarchical RTL Component report 
Module piscaLed 
Detailed RTL Component Info : 
+---Adders : 
	   2 Input     27 Bit       Adders := 1     
+---Registers : 
	               27 Bit    Registers := 1     
	                1 Bit    Registers := 1     
+---Muxes : 
	   2 Input     27 Bit        Muxes := 1     
	   2 Input      1 Bit        Muxes := 1     

---------------------------------------------------------------------------------
Finished RTL Hierarchical Component Statistics
---------------------------------------------------------------------------------

---------------------------------------------------------------------------------
Start Part Resource Summary
---------------------------------------------------------------------------------
Part Resources:
DSPs: 240 (col length:80)
BRAMs: 270 (col length: RAMB18 80 RAMB36 40)

---------------------------------------------------------------------------------
Finished Part Resource Summary
---------------------------------------------------------------------------------

---------------------------------------------------------------------------------
Start Cross Boundary Optimization
---------------------------------------------------------------------------------
WARNING: [Synth 8-3331] design piscaLed has unconnected port sw[15]
WARNING: [Synth 8-3331] design piscaLed has unconnected port sw[14]
WARNING: [Synth 8-3331] design piscaLed has unconnected port sw[13]
WARNING: [Synth 8-3331] design piscaLed has unconnected port sw[12]
WARNING: [Synth 8-3331] design piscaLed has unconnected port sw[11]
WARNING: [Synth 8-3331] design piscaLed has unconnected port sw[10]
WARNING: [Synth 8-3331] design piscaLed has unconnected port sw[9]
WARNING: [Synth 8-3331] design piscaLed has unconnected port sw[8]
WARNING: [Synth 8-3331] design piscaLed has unconnected port sw[7]
WARNING: [Synth 8-3331] design piscaLed has unconnected port sw[6]
WARNING: [Synth 8-3331] design piscaLed has unconnected port sw[5]
WARNING: [Synth 8-3331] design piscaLed has unconnected port sw[4]
WARNING: [Synth 8-3331] design piscaLed has unconnected port sw[3]
WARNING: [Synth 8-3331] design piscaLed has unconnected port sw[2]
WARNING: [Synth 8-3331] design piscaLed has unconnected port sw[1]
WARNING: [Synth 8-3331] design piscaLed has unconnected port sw[0]
WARNING: [Synth 8-3331] design piscaLed has unconnected port led[15]
WARNING: [Synth 8-3331] design piscaLed has unconnected port led[14]
WARNING: [Synth 8-3331] design piscaLed has unconnected port led[13]
WARNING: [Synth 8-3331] design piscaLed has unconnected port led[12]
WARNING: [Synth 8-3331] design piscaLed has unconnected port led[11]
WARNING: [Synth 8-3331] design piscaLed has unconnected port led[10]
WARNING: [Synth 8-3331] design piscaLed has unconnected port led[9]
WARNING: [Synth 8-3331] design piscaLed has unconnected port led[8]
WARNING: [Synth 8-3331] design piscaLed has unconnected port led[7]
WARNING: [Synth 8-3331] design piscaLed has unconnected port led[6]
WARNING: [Synth 8-3331] design piscaLed has unconnected port led[5]
WARNING: [Synth 8-3331] design piscaLed has unconnected port led[4]
WARNING: [Synth 8-3331] design piscaLed has unconnected port led[3]
WARNING: [Synth 8-3331] design piscaLed has unconnected port led[2]
WARNING: [Synth 8-3331] design piscaLed has unconnected port led[1]
---------------------------------------------------------------------------------
Finished Cross Boundary Optimization : Time (s): cpu = 00:00:20 ; elapsed = 00:00:21 . Memory (MB): peak = 544.023 ; gain = 408.535
---------------------------------------------------------------------------------

---------------------------------------------------------------------------------
Start RAM, DSP and Shift Register Reporting
---------------------------------------------------------------------------------
---------------------------------------------------------------------------------
Finished RAM, DSP and Shift Register Reporting
---------------------------------------------------------------------------------

---------------------------------------------------------------------------------
Start Area Optimization
---------------------------------------------------------------------------------
---------------------------------------------------------------------------------
Finished Area Optimization : Time (s): cpu = 00:00:20 ; elapsed = 00:00:21 . Memory (MB): peak = 573.211 ; gain = 437.723
---------------------------------------------------------------------------------


---------------------------------------------------------------------------------
Start Timing Optimization
---------------------------------------------------------------------------------

---------------------------------------------------------------------------------
Start Applying XDC Timing Constraints
---------------------------------------------------------------------------------
---------------------------------------------------------------------------------
Finished Applying XDC Timing Constraints : Time (s): cpu = 00:00:21 ; elapsed = 00:00:22 . Memory (MB): peak = 573.211 ; gain = 437.723
---------------------------------------------------------------------------------

---------------------------------------------------------------------------------
Finished Timing Optimization : Time (s): cpu = 00:00:21 ; elapsed = 00:00:22 . Memory (MB): peak = 573.211 ; gain = 437.723
---------------------------------------------------------------------------------


---------------------------------------------------------------------------------
Start Technology Mapping
---------------------------------------------------------------------------------
---------------------------------------------------------------------------------
Finished Technology Mapping : Time (s): cpu = 00:00:21 ; elapsed = 00:00:22 . Memory (MB): peak = 573.211 ; gain = 437.723
---------------------------------------------------------------------------------


---------------------------------------------------------------------------------
Start IO Insertion
---------------------------------------------------------------------------------

---------------------------------------------------------------------------------
Start Flattening Before IO Insertion
---------------------------------------------------------------------------------

---------------------------------------------------------------------------------
Finished Flattening Before IO Insertion
---------------------------------------------------------------------------------

---------------------------------------------------------------------------------
Start Final Netlist Cleanup
---------------------------------------------------------------------------------

---------------------------------------------------------------------------------
Finished Final Netlist Cleanup
---------------------------------------------------------------------------------
---------------------------------------------------------------------------------
Finished IO Insertion : Time (s): cpu = 00:00:21 ; elapsed = 00:00:22 . Memory (MB): peak = 573.211 ; gain = 437.723
---------------------------------------------------------------------------------


Report Check Netlist: 
+------+------------------+-------+---------+-------+------------------+
|      |Item              |Errors |Warnings |Status |Description       |
+------+------------------+-------+---------+-------+------------------+
|1     |multi_driven_nets |      0|        0|Passed |Multi driven nets |
+------+------------------+-------+---------+-------+------------------+

---------------------------------------------------------------------------------
Start Renaming Generated Instances
---------------------------------------------------------------------------------
---------------------------------------------------------------------------------
Finished Renaming Generated Instances : Time (s): cpu = 00:00:21 ; elapsed = 00:00:22 . Memory (MB): peak = 573.211 ; gain = 437.723
---------------------------------------------------------------------------------


---------------------------------------------------------------------------------
Start Rebuilding User Hierarchy
---------------------------------------------------------------------------------
---------------------------------------------------------------------------------
Finished Rebuilding User Hierarchy : Time (s): cpu = 00:00:21 ; elapsed = 00:00:22 . Memory (MB): peak = 573.211 ; gain = 437.723
---------------------------------------------------------------------------------

---------------------------------------------------------------------------------
Start RAM, DSP and Shift Register Reporting
---------------------------------------------------------------------------------
---------------------------------------------------------------------------------
Finished RAM, DSP and Shift Register Reporting
---------------------------------------------------------------------------------

---------------------------------------------------------------------------------
Start Writing Synthesis Report
---------------------------------------------------------------------------------

Report BlackBoxes: 
+-+--------------+----------+
| |BlackBox name |Instances |
+-+--------------+----------+
+-+--------------+----------+

Report Cell Usage: 
+------+-------+------+
|      |Cell   |Count |
+------+-------+------+
|1     |BUFG   |     1|
|2     |CARRY4 |     7|
|3     |LUT1   |    27|
|4     |LUT2   |    29|
|5     |LUT6   |     6|
|6     |FDRE   |    28|
|7     |IBUF   |     2|
|8     |OBUF   |     1|
|9     |OBUFT  |    31|
+------+-------+------+

Report Instance Areas: 
+------+---------+-------+------+
|      |Instance |Module |Cells |
+------+---------+-------+------+
|1     |top      |       |   132|
+------+---------+-------+------+
---------------------------------------------------------------------------------
Finished Writing Synthesis Report : Time (s): cpu = 00:00:21 ; elapsed = 00:00:22 . Memory (MB): peak = 573.211 ; gain = 437.723
---------------------------------------------------------------------------------

Synthesis finished with 0 errors, 0 critical warnings and 32 warnings.
Synthesis Optimization Complete : Time (s): cpu = 00:00:21 ; elapsed = 00:00:22 . Memory (MB): peak = 573.211 ; gain = 437.723
INFO: [Netlist 29-17] Analyzing 2 Unisim elements for replacement
INFO: [Netlist 29-28] Unisim Transformation completed in 0 CPU seconds
INFO: [Opt 31-140] Inserted 0 IBUFs to IO ports without IO buffers.
INFO: [Opt 31-141] Inserted 0 OBUFs to IO ports without IO buffers.
INFO: [Opt 31-138] Pushed 0 inverter(s).
INFO: [Project 1-111] Unisim Transformation Summary:
No Unisim elements were transformed.

INFO: [Common 17-83] Releasing license: Synthesis
11 Infos, 64 Warnings, 0 Critical Warnings and 0 Errors encountered.
synth_design completed successfully
synth_design: Time (s): cpu = 00:00:21 ; elapsed = 00:00:22 . Memory (MB): peak = 573.211 ; gain = 393.211
# write_checkpoint piscaLed.dcp
# report_utilization -file piscaLed_utilization_synth.rpt -pb piscaLed_utilization_synth.pb
report_utilization: Time (s): cpu = 00:00:00 ; elapsed = 00:00:00.018 . Memory (MB): peak = 573.211 ; gain = 0.000
INFO: [Common 17-206] Exiting Vivado at Mon Nov 16 21:11:39 2015...
